[2024-11-29 21:35:07] Sorting by field:: id_etudiant
[2024-11-29 21:35:07] Fetched students:: Array
(
    [0] => Array
        (
            [id_etudiant] => 11
            [id_utilisateur] => 25
            [niveau] => 8eme
            [image_profil] => 
        )

)

[2024-11-29 21:35:07] Processing student record:: Array
(
    [id_etudiant] => 11
    [id_utilisateur] => 25
    [niveau] => 8eme
    [image_profil] => 
)

[2024-11-29 21:37:57] Sorting by field:: id_etudiant
[2024-11-29 21:37:57] Fetched students:: Array
(
    [0] => Array
        (
            [id_etudiant] => 11
            [id_utilisateur] => 25
            [niveau] => 8eme
            [image_profil] => 
        )

)

[2024-11-29 21:37:57] Processing student record:: Array
(
    [id_etudiant] => 11
    [id_utilisateur] => 25
    [niveau] => 8eme
    [image_profil] => 
)

[2024-11-29 21:38:52] Sorting by field:: id_etudiant
[2024-11-29 21:38:52] Fetched students:: Array
(
    [0] => Array
        (
            [id_etudiant] => 11
            [id_utilisateur] => 25
            [niveau] => 8eme
            [image_profil] => 
        )

    [1] => Array
        (
            [id_etudiant] => 12
            [id_utilisateur] => 28
            [niveau] => 7eme
            [image_profil] => uploads/images/student_674a2655af5d7.png
        )

)

[2024-11-29 21:38:52] Processing student record:: Array
(
    [id_etudiant] => 11
    [id_utilisateur] => 25
    [niveau] => 8eme
    [image_profil] => 
)

[2024-11-29 21:38:52] Processing student record:: Array
(
    [id_etudiant] => 12
    [id_utilisateur] => 28
    [niveau] => 7eme
    [image_profil] => uploads/images/student_674a2655af5d7.png
)

[2024-11-29 21:41:01] Sorting by field:: id_etudiant
[2024-11-29 21:41:01] Fetched students:: Array
(
    [0] => Array
        (
            [id_etudiant] => 11
            [id_utilisateur] => 25
            [niveau] => 8eme
            [image_profil] => 
        )

    [1] => Array
        (
            [id_etudiant] => 12
            [id_utilisateur] => 28
            [niveau] => 7eme
            [image_profil] => uploads/images/student_674a2655af5d7.png
        )

)

[2024-11-29 21:41:01] Processing student record:: Array
(
    [id_etudiant] => 11
    [id_utilisateur] => 25
    [niveau] => 8eme
    [image_profil] => 
)

[2024-11-29 21:41:01] Processing student record:: Array
(
    [id_etudiant] => 12
    [id_utilisateur] => 28
    [niveau] => 7eme
    [image_profil] => uploads/images/student_674a2655af5d7.png
)

[2024-11-29 21:42:44] Sorting by field:: id_etudiant
[2024-11-29 21:42:44] Fetched students:: Array
(
    [0] => Array
        (
            [id_etudiant] => 11
            [id_utilisateur] => 25
            [niveau] => 8eme
            [image_profil] => 
        )

    [1] => Array
        (
            [id_etudiant] => 12
            [id_utilisateur] => 28
            [niveau] => 7eme
            [image_profil] => uploads/images/student_674a2655af5d7.png
        )

)

[2024-11-29 21:42:44] Processing student record:: Array
(
    [id_etudiant] => 11
    [id_utilisateur] => 25
    [niveau] => 8eme
    [image_profil] => 
)

[2024-11-29 21:42:44] Processing student record:: Array
(
    [id_etudiant] => 12
    [id_utilisateur] => 28
    [niveau] => 7eme
    [image_profil] => uploads/images/student_674a2655af5d7.png
)

[2024-11-29 21:47:21] Sorting by field:: id_etudiant
[2024-11-29 21:47:21] Fetched students:: Array
(
    [0] => Array
        (
            [id_etudiant] => 11
            [id_utilisateur] => 25
            [niveau] => 8eme
            [image_profil] => 
        )

    [1] => Array
        (
            [id_etudiant] => 12
            [id_utilisateur] => 28
            [niveau] => 7eme
            [image_profil] => uploads/images/student_674a2655af5d7.png
        )

)

[2024-11-29 21:47:21] Processing student record:: Array
(
    [id_etudiant] => 11
    [id_utilisateur] => 25
    [niveau] => 8eme
    [image_profil] => 
)

[2024-11-29 21:47:21] Processing student record:: Array
(
    [id_etudiant] => 12
    [id_utilisateur] => 28
    [niveau] => 7eme
    [image_profil] => uploads/images/student_674a2655af5d7.png
)

[2024-11-29 21:47:21] Sorting by field:: id_etudiant
[2024-11-29 21:47:21] Fetched students:: Array
(
    [0] => Array
        (
            [id_etudiant] => 11
            [id_utilisateur] => 25
            [niveau] => 8eme
            [image_profil] => 
        )

    [1] => Array
        (
            [id_etudiant] => 12
            [id_utilisateur] => 28
            [niveau] => 7eme
            [image_profil] => uploads/images/student_674a2655af5d7.png
        )

)

[2024-11-29 21:47:21] Processing student record:: Array
(
    [id_etudiant] => 11
    [id_utilisateur] => 25
    [niveau] => 8eme
    [image_profil] => 
)

[2024-11-29 21:47:21] Processing student record:: Array
(
    [id_etudiant] => 12
    [id_utilisateur] => 28
    [niveau] => 7eme
    [image_profil] => uploads/images/student_674a2655af5d7.png
)

[2024-11-29 21:48:57] Sorting by field:: id_etudiant
[2024-11-29 21:48:57] Fetched students:: Array
(
    [0] => Array
        (
            [id_etudiant] => 11
            [id_utilisateur] => 25
            [niveau] => 8eme
            [image_profil] => 
        )

    [1] => Array
        (
            [id_etudiant] => 12
            [id_utilisateur] => 28
            [niveau] => 7eme
            [image_profil] => uploads/images/student_674a2655af5d7.png
        )

)

[2024-11-29 21:48:57] Processing student record:: Array
(
    [id_etudiant] => 11
    [id_utilisateur] => 25
    [niveau] => 8eme
    [image_profil] => 
)

[2024-11-29 21:48:57] Processing student record:: Array
(
    [id_etudiant] => 12
    [id_utilisateur] => 28
    [niveau] => 7eme
    [image_profil] => uploads/images/student_674a2655af5d7.png
)

[2024-11-29 21:48:57] Sorting by field:: id_etudiant
[2024-11-29 21:48:57] Fetched students:: Array
(
    [0] => Array
        (
            [id_etudiant] => 11
            [id_utilisateur] => 25
            [niveau] => 8eme
            [image_profil] => 
        )

    [1] => Array
        (
            [id_etudiant] => 12
            [id_utilisateur] => 28
            [niveau] => 7eme
            [image_profil] => uploads/images/student_674a2655af5d7.png
        )

)

[2024-11-29 21:48:57] Processing student record:: Array
(
    [id_etudiant] => 11
    [id_utilisateur] => 25
    [niveau] => 8eme
    [image_profil] => 
)

[2024-11-29 21:48:57] Processing student record:: Array
(
    [id_etudiant] => 12
    [id_utilisateur] => 28
    [niveau] => 7eme
    [image_profil] => uploads/images/student_674a2655af5d7.png
)

[2024-11-29 21:52:00] Sorting by field:: id_etudiant
[2024-11-29 21:52:00] Fetched students:: Array
(
    [0] => Array
        (
            [id_etudiant] => 11
            [id_utilisateur] => 25
            [niveau] => 8eme
            [image_profil] => 
        )

    [1] => Array
        (
            [id_etudiant] => 12
            [id_utilisateur] => 28
            [niveau] => 7eme
            [image_profil] => uploads/images/student_674a2655af5d7.png
        )

)

[2024-11-29 21:52:00] Processing student record:: Array
(
    [id_etudiant] => 11
    [id_utilisateur] => 25
    [niveau] => 8eme
    [image_profil] => 
)

[2024-11-29 21:52:00] Processing student record:: Array
(
    [id_etudiant] => 12
    [id_utilisateur] => 28
    [niveau] => 7eme
    [image_profil] => uploads/images/student_674a2655af5d7.png
)

[2024-11-29 21:52:27] Sorting by field:: id_etudiant
[2024-11-29 21:52:27] Fetched students:: Array
(
    [0] => Array
        (
            [id_etudiant] => 11
            [id_utilisateur] => 25
            [niveau] => 8eme
            [image_profil] => 
        )

    [1] => Array
        (
            [id_etudiant] => 12
            [id_utilisateur] => 28
            [niveau] => 7eme
            [image_profil] => uploads/images/student_674a2655af5d7.png
        )

)

[2024-11-29 21:52:27] Processing student record:: Array
(
    [id_etudiant] => 11
    [id_utilisateur] => 25
    [niveau] => 8eme
    [image_profil] => 
)

[2024-11-29 21:52:27] Processing student record:: Array
(
    [id_etudiant] => 12
    [id_utilisateur] => 28
    [niveau] => 7eme
    [image_profil] => uploads/images/student_674a2655af5d7.png
)

[2024-11-29 21:53:50] Sorting by field:: id_utilisateur
[2024-11-29 21:53:50] Fetched students:: Array
(
    [0] => Array
        (
            [id_etudiant] => 11
            [id_utilisateur] => 25
            [niveau] => 8eme
            [image_profil] => 
        )

    [1] => Array
        (
            [id_etudiant] => 12
            [id_utilisateur] => 28
            [niveau] => 7eme
            [image_profil] => uploads/images/student_674a2655af5d7.png
        )

)

[2024-11-29 21:53:50] Processing student record:: Array
(
    [id_etudiant] => 11
    [id_utilisateur] => 25
    [niveau] => 8eme
    [image_profil] => 
)

[2024-11-29 21:53:50] Processing student record:: Array
(
    [id_etudiant] => 12
    [id_utilisateur] => 28
    [niveau] => 7eme
    [image_profil] => uploads/images/student_674a2655af5d7.png
)

[2024-11-29 21:53:53] Sorting by field:: niveau
[2024-11-29 21:53:53] Fetched students:: Array
(
    [0] => Array
        (
            [id_etudiant] => 12
            [id_utilisateur] => 28
            [niveau] => 7eme
            [image_profil] => uploads/images/student_674a2655af5d7.png
        )

    [1] => Array
        (
            [id_etudiant] => 11
            [id_utilisateur] => 25
            [niveau] => 8eme
            [image_profil] => 
        )

)

[2024-11-29 21:53:53] Processing student record:: Array
(
    [id_etudiant] => 12
    [id_utilisateur] => 28
    [niveau] => 7eme
    [image_profil] => uploads/images/student_674a2655af5d7.png
)

[2024-11-29 21:53:53] Processing student record:: Array
(
    [id_etudiant] => 11
    [id_utilisateur] => 25
    [niveau] => 8eme
    [image_profil] => 
)

[2024-11-29 21:54:03] Sorting by field:: id_etudiant
[2024-11-29 21:54:03] Fetched students:: Array
(
    [0] => Array
        (
            [id_etudiant] => 11
            [id_utilisateur] => 25
            [niveau] => 8eme
            [image_profil] => 
        )

    [1] => Array
        (
            [id_etudiant] => 12
            [id_utilisateur] => 28
            [niveau] => 7eme
            [image_profil] => uploads/images/student_674a2655af5d7.png
        )

)

[2024-11-29 21:54:03] Processing student record:: Array
(
    [id_etudiant] => 11
    [id_utilisateur] => 25
    [niveau] => 8eme
    [image_profil] => 
)

[2024-11-29 21:54:03] Processing student record:: Array
(
    [id_etudiant] => 12
    [id_utilisateur] => 28
    [niveau] => 7eme
    [image_profil] => uploads/images/student_674a2655af5d7.png
)

[2024-11-29 21:54:07] Sorting by field:: niveau
[2024-11-29 21:54:07] Fetched students:: Array
(
    [0] => Array
        (
            [id_etudiant] => 12
            [id_utilisateur] => 28
            [niveau] => 7eme
            [image_profil] => uploads/images/student_674a2655af5d7.png
        )

    [1] => Array
        (
            [id_etudiant] => 11
            [id_utilisateur] => 25
            [niveau] => 8eme
            [image_profil] => 
        )

)

[2024-11-29 21:54:07] Processing student record:: Array
(
    [id_etudiant] => 12
    [id_utilisateur] => 28
    [niveau] => 7eme
    [image_profil] => uploads/images/student_674a2655af5d7.png
)

[2024-11-29 21:54:07] Processing student record:: Array
(
    [id_etudiant] => 11
    [id_utilisateur] => 25
    [niveau] => 8eme
    [image_profil] => 
)

[2024-11-29 21:54:10] Sorting by field:: id_etudiant
[2024-11-29 21:54:10] Fetched students:: Array
(
    [0] => Array
        (
            [id_etudiant] => 11
            [id_utilisateur] => 25
            [niveau] => 8eme
            [image_profil] => 
        )

    [1] => Array
        (
            [id_etudiant] => 12
            [id_utilisateur] => 28
            [niveau] => 7eme
            [image_profil] => uploads/images/student_674a2655af5d7.png
        )

)

[2024-11-29 21:54:10] Processing student record:: Array
(
    [id_etudiant] => 11
    [id_utilisateur] => 25
    [niveau] => 8eme
    [image_profil] => 
)

[2024-11-29 21:54:10] Processing student record:: Array
(
    [id_etudiant] => 12
    [id_utilisateur] => 28
    [niveau] => 7eme
    [image_profil] => uploads/images/student_674a2655af5d7.png
)

[2024-11-29 21:54:18] Sorting by field:: niveau
[2024-11-29 21:54:18] Fetched students:: Array
(
    [0] => Array
        (
            [id_etudiant] => 12
            [id_utilisateur] => 28
            [niveau] => 7eme
            [image_profil] => uploads/images/student_674a2655af5d7.png
        )

    [1] => Array
        (
            [id_etudiant] => 11
            [id_utilisateur] => 25
            [niveau] => 8eme
            [image_profil] => 
        )

)

[2024-11-29 21:54:18] Processing student record:: Array
(
    [id_etudiant] => 12
    [id_utilisateur] => 28
    [niveau] => 7eme
    [image_profil] => uploads/images/student_674a2655af5d7.png
)

[2024-11-29 21:54:18] Processing student record:: Array
(
    [id_etudiant] => 11
    [id_utilisateur] => 25
    [niveau] => 8eme
    [image_profil] => 
)

[2024-11-29 21:54:23] Sorting by field:: id_etudiant
[2024-11-29 21:54:23] Fetched students:: Array
(
    [0] => Array
        (
            [id_etudiant] => 11
            [id_utilisateur] => 25
            [niveau] => 8eme
            [image_profil] => 
        )

    [1] => Array
        (
            [id_etudiant] => 12
            [id_utilisateur] => 28
            [niveau] => 7eme
            [image_profil] => uploads/images/student_674a2655af5d7.png
        )

)

[2024-11-29 21:54:23] Processing student record:: Array
(
    [id_etudiant] => 11
    [id_utilisateur] => 25
    [niveau] => 8eme
    [image_profil] => 
)

[2024-11-29 21:54:23] Processing student record:: Array
(
    [id_etudiant] => 12
    [id_utilisateur] => 28
    [niveau] => 7eme
    [image_profil] => uploads/images/student_674a2655af5d7.png
)

[2024-11-29 21:54:24] Sorting by field:: id_utilisateur
[2024-11-29 21:54:24] Fetched students:: Array
(
    [0] => Array
        (
            [id_etudiant] => 11
            [id_utilisateur] => 25
            [niveau] => 8eme
            [image_profil] => 
        )

    [1] => Array
        (
            [id_etudiant] => 12
            [id_utilisateur] => 28
            [niveau] => 7eme
            [image_profil] => uploads/images/student_674a2655af5d7.png
        )

)

[2024-11-29 21:54:24] Processing student record:: Array
(
    [id_etudiant] => 11
    [id_utilisateur] => 25
    [niveau] => 8eme
    [image_profil] => 
)

[2024-11-29 21:54:24] Processing student record:: Array
(
    [id_etudiant] => 12
    [id_utilisateur] => 28
    [niveau] => 7eme
    [image_profil] => uploads/images/student_674a2655af5d7.png
)

[2024-11-29 21:54:24] Sorting by field:: id_utilisateur
[2024-11-29 21:54:24] Fetched students:: Array
(
    [0] => Array
        (
            [id_etudiant] => 11
            [id_utilisateur] => 25
            [niveau] => 8eme
            [image_profil] => 
        )

    [1] => Array
        (
            [id_etudiant] => 12
            [id_utilisateur] => 28
            [niveau] => 7eme
            [image_profil] => uploads/images/student_674a2655af5d7.png
        )

)

[2024-11-29 21:54:24] Processing student record:: Array
(
    [id_etudiant] => 11
    [id_utilisateur] => 25
    [niveau] => 8eme
    [image_profil] => 
)

[2024-11-29 21:54:24] Processing student record:: Array
(
    [id_etudiant] => 12
    [id_utilisateur] => 28
    [niveau] => 7eme
    [image_profil] => uploads/images/student_674a2655af5d7.png
)

[2024-11-29 21:55:01] Sorting by field:: id_etudiant
[2024-11-29 21:55:01] Fetched students:: Array
(
    [0] => Array
        (
            [id_etudiant] => 11
            [id_utilisateur] => 25
            [niveau] => 8eme
            [image_profil] => 
        )

    [1] => Array
        (
            [id_etudiant] => 12
            [id_utilisateur] => 28
            [niveau] => 7eme
            [image_profil] => uploads/images/student_674a2655af5d7.png
        )

)

[2024-11-29 21:55:01] Processing student record:: Array
(
    [id_etudiant] => 11
    [id_utilisateur] => 25
    [niveau] => 8eme
    [image_profil] => 
)

[2024-11-29 21:55:01] Processing student record:: Array
(
    [id_etudiant] => 12
    [id_utilisateur] => 28
    [niveau] => 7eme
    [image_profil] => uploads/images/student_674a2655af5d7.png
)

[2024-11-29 21:55:05] Sorting by field:: niveau
[2024-11-29 21:55:05] Fetched students:: Array
(
    [0] => Array
        (
            [id_etudiant] => 12
            [id_utilisateur] => 28
            [niveau] => 7eme
            [image_profil] => uploads/images/student_674a2655af5d7.png
        )

    [1] => Array
        (
            [id_etudiant] => 11
            [id_utilisateur] => 25
            [niveau] => 8eme
            [image_profil] => 
        )

)

[2024-11-29 21:55:05] Processing student record:: Array
(
    [id_etudiant] => 12
    [id_utilisateur] => 28
    [niveau] => 7eme
    [image_profil] => uploads/images/student_674a2655af5d7.png
)

[2024-11-29 21:55:05] Processing student record:: Array
(
    [id_etudiant] => 11
    [id_utilisateur] => 25
    [niveau] => 8eme
    [image_profil] => 
)

[2024-11-30 11:22:12] Sorting by field:: id_etudiant
[2024-11-30 11:22:12] Fetched students:: Array
(
    [0] => Array
        (
            [id_etudiant] => 11
            [id_utilisateur] => 25
            [niveau] => 8eme
            [image_profil] => 
        )

    [1] => Array
        (
            [id_etudiant] => 12
            [id_utilisateur] => 28
            [niveau] => 7eme
            [image_profil] => uploads/images/student_674a2655af5d7.png
        )

)

[2024-11-30 11:22:12] Processing student record:: Array
(
    [id_etudiant] => 11
    [id_utilisateur] => 25
    [niveau] => 8eme
    [image_profil] => 
)

[2024-11-30 11:22:12] Processing student record:: Array
(
    [id_etudiant] => 12
    [id_utilisateur] => 28
    [niveau] => 7eme
    [image_profil] => uploads/images/student_674a2655af5d7.png
)

[2024-11-30 11:28:59] Sorting by field:: id_etudiant
[2024-11-30 11:31:31] Sorting by field:: id_etudiant
[2024-11-30 11:34:39] Sorting by field:: id_etudiant
[2024-11-30 11:34:39] Fetched students:: Array
(
)

[2024-11-30 11:34:39] No students found in the database.
[2024-11-30 11:59:47] Sorting by field:: id_etudiant
[2024-11-30 11:59:53] Sorting by field:: id_etudiant
[2024-11-30 12:00:00] Sorting by field:: id_etudiant
[2024-11-30 12:00:08] Sorting by field:: id_etudiant
[2024-11-30 12:01:39] Sorting by field:: id_etudiant
[2024-11-30 12:04:08] Sorting by field:: id_etudiant
[2024-11-30 12:07:18] Sorting by field:: id_etudiant
[2024-11-30 12:07:31] Sorting by field:: niveau
[2024-11-30 12:07:33] Sorting by field:: id_etudiant
[2024-11-30 12:07:34] Sorting by field:: id_utilisateur
[2024-11-30 12:07:35] Sorting by field:: niveau
[2024-11-30 12:10:17] Sorting by field:: id_etudiant
[2024-11-30 12:11:12] Sorting by field:: id_etudiant
[2024-11-30 12:19:51] Sorting by field:: id_etudiant
[2024-11-30 12:30:04] Sorting by field:: id_etudiant
[2024-11-30 12:36:35] Sorting by field:: id_etudiant
[2024-11-30 12:38:46] Sorting by field:: id_etudiant
[2024-11-30 12:40:37] Sorting by field:: id_etudiant
[2024-11-30 12:40:39] Sorting by field:: id_etudiant
[2024-11-30 12:40:40] Sorting by field:: id_etudiant
[2024-11-30 12:50:05] Sorting by field:: id_etudiant
[2024-11-30 12:52:08] Sorting by field:: niveau
[2024-11-30 12:52:10] Sorting by field:: id_etudiant
[2024-11-30 12:52:11] Sorting by field:: id_utilisateur
[2024-11-30 12:52:12] Sorting by field:: id_utilisateur
[2024-11-30 12:52:13] Sorting by field:: niveau
[2024-11-30 12:52:14] Sorting by field:: id_utilisateur
[2024-11-30 12:52:15] Sorting by field:: id_etudiant
[2024-11-30 12:52:16] Sorting by field:: id_etudiant
[2024-11-30 12:52:16] Sorting by field:: id_etudiant
[2024-11-30 12:52:16] Sorting by field:: id_etudiant
[2024-11-30 12:52:16] Sorting by field:: id_etudiant
[2024-11-30 12:52:51] Sorting by field:: id_etudiant
[2024-11-30 12:53:00] Sorting by field:: id_etudiant
[2024-11-30 12:53:06] Sorting by field:: id_etudiant
[2024-11-30 12:53:09] Sorting by field:: id_etudiant
[2024-11-30 12:53:16] Sorting by field:: id_etudiant
[2024-11-30 12:53:24] Sorting by field:: id_etudiant
[2024-11-30 13:31:28] Sorting by field:: id_etudiant
[2024-11-30 13:50:54] Sorting by field:: id_etudiant
